1. After running tests 1-2 (Task 1. Code coverage):

"C:\Users\Juan Carlos\.jdks\corretto-11.0.23\bin\java.exe" "-Dmaven.multiModuleProjectDirectory=D:\git projects\effective-testing-g15\assignment02\LongestIncreasingSubsequence" -Djansi.passthrough=true "-Dmaven.home=C:\Program Files\JetBrains\IntelliJ IDEA 2024.1\plugins\maven\lib\maven3" "-Dclassworlds.conf=C:\Program Files\JetBrains\IntelliJ IDEA 2024.1\plugins\maven\lib\maven3\bin\m2.conf" "-Dmaven.ext.class.path=C:\Program Files\JetBrains\IntelliJ IDEA 2024.1\plugins\maven\lib\maven-event-listener.jar" "-javaagent:C:\Program Files\JetBrains\IntelliJ IDEA 2024.1\lib\idea_rt.jar=60852:C:\Program Files\JetBrains\IntelliJ IDEA 2024.1\bin" -Dfile.encoding=UTF-8 -classpath "C:\Program Files\JetBrains\IntelliJ IDEA 2024.1\plugins\maven\lib\maven3\boot\plexus-classworlds-2.7.0.jar;C:\Program Files\JetBrains\IntelliJ IDEA 2024.1\plugins\maven\lib\maven3\boot\plexus-classworlds.license" org.codehaus.classworlds.Launcher -Didea.version=2024.1 clean test jacoco:report
[INFO] Scanning for projects...
[INFO]
[INFO] --------------< org.example:LongestIncreasingSubsequence >--------------
[INFO] Building LongestIncreasingSubsequence 1.0-SNAPSHOT
[INFO]   from pom.xml
[INFO] --------------------------------[ jar ]---------------------------------
[INFO]
[INFO] --- clean:3.2.0:clean (default-clean) @ LongestIncreasingSubsequence ---
[INFO] Deleting D:\git projects\effective-testing-g15\assignment02\LongestIncreasingSubsequence\target
[INFO]
[INFO] --- jacoco:0.8.11:prepare-agent (default) @ LongestIncreasingSubsequence ---
[INFO] argLine set to "-javaagent:C:\\Users\\Juan Carlos\\.m2\\repository\\org\\jacoco\\org.jacoco.agent\\0.8.11\\org.jacoco.agent-0.8.11-runtime.jar=destfile=D:\\git projects\\effective-testing-g15\\assignment02\\LongestIncreasingSubsequence\\target\\jacoco.exec"
[INFO]
[INFO] --- resources:3.3.1:resources (default-resources) @ LongestIncreasingSubsequence ---
[INFO] skip non existing resourceDirectory D:\git projects\effective-testing-g15\assignment02\LongestIncreasingSubsequence\src\main\resources
[INFO]
[INFO] --- compiler:3.11.0:compile (default-compile) @ LongestIncreasingSubsequence ---
[INFO] Changes detected - recompiling the module! :source
[INFO] Compiling 1 source file with javac [debug target 11] to target\classes
[INFO]
[INFO] --- resources:3.3.1:testResources (default-testResources) @ LongestIncreasingSubsequence ---
[INFO] skip non existing resourceDirectory D:\git projects\effective-testing-g15\assignment02\LongestIncreasingSubsequence\src\test\resources
[INFO]
[INFO] --- compiler:3.11.0:testCompile (default-testCompile) @ LongestIncreasingSubsequence ---
[INFO] Changes detected - recompiling the module! :dependency
[INFO] Compiling 1 source file with javac [debug target 11] to target\test-classes
[INFO]
[INFO] --- surefire:3.2.2:test (default-test) @ LongestIncreasingSubsequence ---
[INFO] Using auto detected provider org.apache.maven.surefire.junitplatform.JUnitPlatformProvider
[INFO]
[INFO] -------------------------------------------------------
[INFO]  T E S T S
[INFO] -------------------------------------------------------
[INFO] Running zest.LongestIncreasingSubsequenceTest
[INFO] Tests run: 2, Failures: 0, Errors: 0, Skipped: 0, Time elapsed: 0.107 s -- in zest.LongestIncreasingSubsequenceTest
[INFO]
[INFO] Results:
[INFO]
[INFO] Tests run: 2, Failures: 0, Errors: 0, Skipped: 0
[INFO]
[INFO]
[INFO] --- jacoco:0.8.11:report (generate-report) @ LongestIncreasingSubsequence ---
[INFO] Loading execution data file D:\git projects\effective-testing-g15\assignment02\LongestIncreasingSubsequence\target\jacoco.exec
[INFO] Analyzed bundle 'LongestIncreasingSubsequence' with 1 classes
[INFO]
[INFO] --- jacoco:0.8.11:report (default-cli) @ LongestIncreasingSubsequence ---
[INFO] Loading execution data file D:\git projects\effective-testing-g15\assignment02\LongestIncreasingSubsequence\target\jacoco.exec
[INFO] Analyzed bundle 'LongestIncreasingSubsequence' with 1 classes
[INFO] ------------------------------------------------------------------------
[INFO] BUILD SUCCESS
[INFO] ------------------------------------------------------------------------
[INFO] Total time:  4.669 s
[INFO] Finished at: 2024-04-21T15:01:43+02:00
[INFO] ------------------------------------------------------------------------

Process finished with exit code 0



2. After running tests 3-5 (Task 3. Testing contracts):


"C:\Users\Juan Carlos\.jdks\corretto-11.0.23\bin\java.exe" "-Dmaven.multiModuleProjectDirectory=D:\git projects\effective-testing-g15\assignment02\LongestIncreasingSubsequence" -Djansi.passthrough=true "-Dmaven.home=C:\Program Files\JetBrains\IntelliJ IDEA 2024.1\plugins\maven\lib\maven3" "-Dclassworlds.conf=C:\Program Files\JetBrains\IntelliJ IDEA 2024.1\plugins\maven\lib\maven3\bin\m2.conf" "-Dmaven.ext.class.path=C:\Program Files\JetBrains\IntelliJ IDEA 2024.1\plugins\maven\lib\maven-event-listener.jar" "-javaagent:C:\Program Files\JetBrains\IntelliJ IDEA 2024.1\lib\idea_rt.jar=50951:C:\Program Files\JetBrains\IntelliJ IDEA 2024.1\bin" -Dfile.encoding=UTF-8 -classpath "C:\Program Files\JetBrains\IntelliJ IDEA 2024.1\plugins\maven\lib\maven3\boot\plexus-classworlds-2.7.0.jar;C:\Program Files\JetBrains\IntelliJ IDEA 2024.1\plugins\maven\lib\maven3\boot\plexus-classworlds.license" org.codehaus.classworlds.Launcher -Didea.version=2024.1 clean test jacoco:report
[INFO] Scanning for projects...
[INFO]
[INFO] --------------< org.example:LongestIncreasingSubsequence >--------------
[INFO] Building LongestIncreasingSubsequence 1.0-SNAPSHOT
[INFO]   from pom.xml
[INFO] --------------------------------[ jar ]---------------------------------
[INFO]
[INFO] --- clean:3.2.0:clean (default-clean) @ LongestIncreasingSubsequence ---
[INFO] Deleting D:\git projects\effective-testing-g15\assignment02\LongestIncreasingSubsequence\target
[INFO]
[INFO] --- jacoco:0.8.11:prepare-agent (default) @ LongestIncreasingSubsequence ---
[INFO] argLine set to "-javaagent:C:\\Users\\Juan Carlos\\.m2\\repository\\org\\jacoco\\org.jacoco.agent\\0.8.11\\org.jacoco.agent-0.8.11-runtime.jar=destfile=D:\\git projects\\effective-testing-g15\\assignment02\\LongestIncreasingSubsequence\\target\\jacoco.exec"
[INFO]
[INFO] --- resources:3.3.1:resources (default-resources) @ LongestIncreasingSubsequence ---
[INFO] skip non existing resourceDirectory D:\git projects\effective-testing-g15\assignment02\LongestIncreasingSubsequence\src\main\resources
[INFO]
[INFO] --- compiler:3.11.0:compile (default-compile) @ LongestIncreasingSubsequence ---
[INFO] Changes detected - recompiling the module! :source
[INFO] Compiling 1 source file with javac [debug target 11] to target\classes
[INFO]
[INFO] --- resources:3.3.1:testResources (default-testResources) @ LongestIncreasingSubsequence ---
[INFO] skip non existing resourceDirectory D:\git projects\effective-testing-g15\assignment02\LongestIncreasingSubsequence\src\test\resources
[INFO]
[INFO] --- compiler:3.11.0:testCompile (default-testCompile) @ LongestIncreasingSubsequence ---
[INFO] Changes detected - recompiling the module! :dependency
[INFO] Compiling 1 source file with javac [debug target 11] to target\test-classes
[INFO]
[INFO] --- surefire:3.2.2:test (default-test) @ LongestIncreasingSubsequence ---
[INFO] Using auto detected provider org.apache.maven.surefire.junitplatform.JUnitPlatformProvider
[INFO]
[INFO] -------------------------------------------------------
[INFO]  T E S T S
[INFO] -------------------------------------------------------
[INFO] Running zest.LongestIncreasingSubsequenceTest
[INFO] Tests run: 5, Failures: 0, Errors: 0, Skipped: 0, Time elapsed: 0.130 s -- in zest.LongestIncreasingSubsequenceTest
[INFO]
[INFO] Results:
[INFO]
[INFO] Tests run: 5, Failures: 0, Errors: 0, Skipped: 0
[INFO]
[INFO]
[INFO] --- jacoco:0.8.11:report (generate-report) @ LongestIncreasingSubsequence ---
[INFO] Loading execution data file D:\git projects\effective-testing-g15\assignment02\LongestIncreasingSubsequence\target\jacoco.exec
[INFO] Analyzed bundle 'LongestIncreasingSubsequence' with 1 classes
[INFO]
[INFO] --- jacoco:0.8.11:report (default-cli) @ LongestIncreasingSubsequence ---
[INFO] Loading execution data file D:\git projects\effective-testing-g15\assignment02\LongestIncreasingSubsequence\target\jacoco.exec
[INFO] Analyzed bundle 'LongestIncreasingSubsequence' with 1 classes
[INFO] ------------------------------------------------------------------------
[INFO] BUILD SUCCESS
[INFO] ------------------------------------------------------------------------
[INFO] Total time:  4.964 s
[INFO] Finished at: 2024-04-21T16:00:42+02:00
[INFO] ------------------------------------------------------------------------

Process finished with exit code 0



3. After running tests 6-10 (Task 4. Property-based testing):


"C:\Users\Juan Carlos\.jdks\corretto-11.0.23\bin\java.exe" "-Dmaven.multiModuleProjectDirectory=D:\git projects\effective-testing-g15\assignment02\LongestIncreasingSubsequence" -Djansi.passthrough=true "-Dmaven.home=C:\Program Files\JetBrains\IntelliJ IDEA 2024.1\plugins\maven\lib\maven3" "-Dclassworlds.conf=C:\Program Files\JetBrains\IntelliJ IDEA 2024.1\plugins\maven\lib\maven3\bin\m2.conf" "-Dmaven.ext.class.path=C:\Program Files\JetBrains\IntelliJ IDEA 2024.1\plugins\maven\lib\maven-event-listener.jar" "-javaagent:C:\Program Files\JetBrains\IntelliJ IDEA 2024.1\lib\idea_rt.jar=51249:C:\Program Files\JetBrains\IntelliJ IDEA 2024.1\bin" -Dfile.encoding=windows-1252 -classpath "C:\Program Files\JetBrains\IntelliJ IDEA 2024.1\plugins\maven\lib\maven3\boot\plexus-classworlds-2.7.0.jar;C:\Program Files\JetBrains\IntelliJ IDEA 2024.1\plugins\maven\lib\maven3\boot\plexus-classworlds.license" org.codehaus.classworlds.Launcher -Didea.version=2024.1 clean test jacoco:report
[INFO] Scanning for projects...
[INFO]
[INFO] --------------< org.example:LongestIncreasingSubsequence >--------------
[INFO] Building LongestIncreasingSubsequence 1.0-SNAPSHOT
[INFO]   from pom.xml
[INFO] --------------------------------[ jar ]---------------------------------
[INFO]
[INFO] --- clean:3.2.0:clean (default-clean) @ LongestIncreasingSubsequence ---
[INFO] Deleting D:\git projects\effective-testing-g15\assignment02\LongestIncreasingSubsequence\target
[INFO]
[INFO] --- jacoco:0.8.7:prepare-agent (default) @ LongestIncreasingSubsequence ---
[INFO] argLine set to "-javaagent:C:\\Users\\Juan Carlos\\.m2\\repository\\org\\jacoco\\org.jacoco.agent\\0.8.7\\org.jacoco.agent-0.8.7-runtime.jar=destfile=D:\\git projects\\effective-testing-g15\\assignment02\\LongestIncreasingSubsequence\\target\\jacoco.exec"
[INFO]
[INFO] --- resources:3.3.1:resources (default-resources) @ LongestIncreasingSubsequence ---
[INFO] skip non existing resourceDirectory D:\git projects\effective-testing-g15\assignment02\LongestIncreasingSubsequence\src\main\resources
[INFO]
[INFO] --- compiler:3.11.0:compile (default-compile) @ LongestIncreasingSubsequence ---
[INFO] Changes detected - recompiling the module! :source
[INFO] Compiling 1 source file with javac [debug target 11] to target\classes
[INFO]
[INFO] --- resources:3.3.1:testResources (default-testResources) @ LongestIncreasingSubsequence ---
[INFO] skip non existing resourceDirectory D:\git projects\effective-testing-g15\assignment02\LongestIncreasingSubsequence\src\test\resources
[INFO]
[INFO] --- compiler:3.11.0:testCompile (default-testCompile) @ LongestIncreasingSubsequence ---
[INFO] Changes detected - recompiling the module! :dependency
[INFO] Compiling 1 source file with javac [debug target 11] to target\test-classes
[INFO]
[INFO] --- surefire:3.2.2:test (default-test) @ LongestIncreasingSubsequence ---
[INFO] Using auto detected provider org.apache.maven.surefire.junitplatform.JUnitPlatformProvider
[INFO]
[INFO] -------------------------------------------------------
[INFO]  T E S T S
[INFO] -------------------------------------------------------
[INFO] Running zest.LongestIncreasingSubsequenceTest
[INFO] Tests run: 5, Failures: 0, Errors: 0, Skipped: 0, Time elapsed: 0.122 s -- in zest.LongestIncreasingSubsequenceTest
[INFO] Running zest.LongestIncreasingSubsequenceTest
timestamp = 2024-04-21T18:40:03.638722100, LongestIncreasingSubsequenceTest:testDescendingSortedArray =
                              |-----------------------jqwik-----------------------
tries = 1000                  | # of calls to property
checks = 1000                 | # of not rejected calls
generation = RANDOMIZED       | parameters are randomly generated
after-failure = SAMPLE_FIRST  | try previously failed sample, then previous seed
when-fixed-seed = ALLOW       | fixing the random seed is allowed
edge-cases#mode = MIXIN       | edge cases are mixed in
edge-cases#total = 9          | # of all combined edge cases
edge-cases#tried = 9          | # of edge cases tried in current run
seed = -8670713229458433594   | random seed to reproduce generated values


timestamp = 2024-04-21T18:40:03.736725400, LongestIncreasingSubsequenceTest:testAscendingSortedUniqueArray =
                              |-----------------------jqwik-----------------------
tries = 1000                  | # of calls to property
checks = 1000                 | # of not rejected calls
generation = RANDOMIZED       | parameters are randomly generated
after-failure = SAMPLE_FIRST  | try previously failed sample, then previous seed
when-fixed-seed = ALLOW       | fixing the random seed is allowed
edge-cases#mode = MIXIN       | edge cases are mixed in
edge-cases#total = 9          | # of all combined edge cases
edge-cases#tried = 9          | # of edge cases tried in current run
seed = -6529764968155095447   | random seed to reproduce generated values


timestamp = 2024-04-21T18:40:04.627723600, LongestIncreasingSubsequenceTest:testMixedUniqueArraysAD =
                              |-----------------------jqwik-----------------------
tries = 1000                  | # of calls to property
checks = 1000                 | # of not rejected calls
generation = RANDOMIZED       | parameters are randomly generated
after-failure = SAMPLE_FIRST  | try previously failed sample, then previous seed
when-fixed-seed = ALLOW       | fixing the random seed is allowed
edge-cases#mode = MIXIN       | edge cases are mixed in
edge-cases#total = 320        | # of all combined edge cases
edge-cases#tried = 161        | # of edge cases tried in current run
seed = 4162073838798078813    | random seed to reproduce generated values


timestamp = 2024-04-21T18:40:05.459729, LongestIncreasingSubsequenceTest:testMixedUniqueArraysDA =
                              |-----------------------jqwik-----------------------
tries = 1000                  | # of calls to property
checks = 1000                 | # of not rejected calls
generation = RANDOMIZED       | parameters are randomly generated
after-failure = SAMPLE_FIRST  | try previously failed sample, then previous seed
when-fixed-seed = ALLOW       | fixing the random seed is allowed
edge-cases#mode = MIXIN       | edge cases are mixed in
edge-cases#total = 320        | # of all combined edge cases
edge-cases#tried = 162        | # of edge cases tried in current run
seed = 7449000896356376883    | random seed to reproduce generated values


timestamp = 2024-04-21T18:40:05.511723500, LongestIncreasingSubsequenceTest:testAscendingSortedArrayWithDuplicates =
                              |-----------------------jqwik-----------------------
tries = 1000                  | # of calls to property
checks = 1000                 | # of not rejected calls
generation = RANDOMIZED       | parameters are randomly generated
after-failure = SAMPLE_FIRST  | try previously failed sample, then previous seed
when-fixed-seed = ALLOW       | fixing the random seed is allowed
edge-cases#mode = MIXIN       | edge cases are mixed in
edge-cases#total = 0          | # of all combined edge cases
edge-cases#tried = 0          | # of edge cases tried in current run
seed = -7903064034610685460   | random seed to reproduce generated values


[INFO] Tests run: 5, Failures: 0, Errors: 0, Skipped: 0, Time elapsed: 2.462 s -- in zest.LongestIncreasingSubsequenceTest
[INFO]
[INFO] Results:
[INFO]
[INFO] Tests run: 10, Failures: 0, Errors: 0, Skipped: 0
[INFO]
[INFO]
[INFO] --- jacoco:0.8.7:report (generate-report) @ LongestIncreasingSubsequence ---
[INFO] Loading execution data file D:\git projects\effective-testing-g15\assignment02\LongestIncreasingSubsequence\target\jacoco.exec
[INFO] Analyzed bundle 'LongestIncreasingSubsequence' with 1 classes
[INFO]
[INFO] --- jacoco:0.8.7:report (default-cli) @ LongestIncreasingSubsequence ---
[INFO] Loading execution data file D:\git projects\effective-testing-g15\assignment02\LongestIncreasingSubsequence\target\jacoco.exec
[INFO] Analyzed bundle 'LongestIncreasingSubsequence' with 1 classes
[INFO] ------------------------------------------------------------------------
[INFO] BUILD SUCCESS
[INFO] ------------------------------------------------------------------------
[INFO] Total time:  7.838 s
[INFO] Finished at: 2024-04-21T18:40:06+02:00
[INFO] ------------------------------------------------------------------------

Process finished with exit code 0